Fuzz safe_path
[OK] ('foo',)
[OK] ('.././foo/././foo',)
[OK] ('foo',)
[OK] ('..',)
[OK] ('..',)
[OK] ('..',)
[OK] ('foo',)
[OK] ('.',)
[OK] ('../foo/.',)
[OK] ('./.',)
[OK] ('../foo',)
[OK] ('.',)
[OK] ('.',)
[OK] ('.',)
[OK] ('foo',)
[OK] ('..',)
[OK] ('../.',)
[OK] ('././.',)
[OK] ('./.',)
[OK] ('../..',)
[OK] ('..',)
[OK] ('..',)
[OK] ('foo/../foo/./foo',)
[OK] ('../..',)
[OK] ('.',)
[OK] ('foo',)
[OK] ('..',)
[OK] ('foo',)
[OK] ('../.',)
[OK] ('../..',)
[OK] ('./foo',)
[OK] ('./..',)
[OK] ('foo/.',)
[OK] ('../..',)
[OK] ('.././foo/./../..',)
[OK] ('.',)
[OK] ('../..',)
[OK] ('..',)
[OK] ('..',)
[OK] ('foo',)
[OK] ('../.',)
[OK] ('./foo/../.',)
[OK] ('foo',)
[OK] ('foo',)
[OK] ('foo/foo/../foo/.',)
[OK] ('./foo/.',)
[OK] ('foo/../..',)
[OK] ('foo',)
[OK] ('.',)
[OK] ('foo',)
[OK] ('foo/foo',)
[OK] ('..',)
[OK] ('foo/./foo',)
[OK] ('../foo',)
[OK] ('../foo',)
[OK] ('foo/./.',)
[OK] ('..',)
[OK] ('foo',)
[OK] ('./..',)
[OK] ('./..',)
[OK] ('./.',)
[OK] ('foo/../..',)
[OK] ('foo',)
[OK] ('..',)
[OK] ('foo',)
[OK] ('.',)
[OK] ('./.',)
[OK] ('../foo/foo/./../../..',)
[OK] ('.',)
[OK] ('foo/foo/foo/foo',)
[OK] ('.',)
[OK] ('../foo/.././.././../.',)
[OK] ('..',)
[OK] ('./foo',)
[OK] ('.',)
[OK] ('.././foo/./.',)
[OK] ('../foo/foo/.',)
[OK] ('..',)
[OK] ('../.',)
[OK] ('foo',)
[OK] ('./.',)
[OK] ('..',)
[OK] ('.',)
[OK] ('../foo',)
[OK] ('.',)
[OK] ('./foo',)
[OK] ('foo',)
[OK] ('.',)
[OK] ('foo',)
[OK] ('./foo/foo',)
[OK] ('.',)
[OK] ('foo',)
[OK] ('foo',)
[OK] ('..',)
[OK] ('../..',)
[OK] ('./../foo',)
[OK] ('foo',)
[OK] ('..',)
[OK] ('./foo',)
[OK] ('foo',)
[OK] ('././.',)
[OK] ('./..',)
[OK] ('foo/./..',)
[OK] ('foo/foo/.',)
[OK] ('../.',)
[OK] ('../../foo',)
[OK] ('..',)
[OK] ('..',)
[OK] ('foo/..',)
[OK] ('foo',)
[OK] ('foo',)
[OK] ('..',)
[OK] ('foo/..',)
[OK] ('..',)
[OK] ('./..',)
[OK] ('.././foo',)
[OK] ('..',)
[OK] ('././././.',)
[OK] ('foo/foo',)
[OK] ('..',)
[OK] ('foo',)
[OK] ('foo',)
[OK] ('..',)
[OK] ('.',)
[OK] ('foo/./foo',)
[OK] ('foo',)
[OK] ('foo/..',)
[OK] ('foo',)
[OK] ('foo',)
[OK] ('..',)
[OK] ('foo',)
[OK] ('foo',)
[OK] ('.',)
[OK] ('..',)
[OK] ('foo',)
[OK] ('foo/./..',)
[OK] ('..',)
[OK] ('..',)
[OK] ('foo/foo/foo/..',)
[OK] ('..',)
[OK] ('.',)
[OK] ('..',)
[OK] ('foo/foo/foo',)
[OK] ('../.',)
[OK] ('foo/../..',)
[OK] ('.',)
[OK] ('./.././.',)
[OK] ('foo',)
[OK] ('..',)
[OK] ('.',)
[OK] ('..',)
[OK] ('./foo/foo/foo',)
[OK] ('.',)
[OK] ('foo',)
[OK] ('../.',)
[OK] ('foo',)
[OK] ('foo/foo/./../foo',)
[OK] ('foo',)
[OK] ('.',)
[OK] ('../../../foo/foo/../..',)
[OK] ('./.',)
[OK] ('..',)
[OK] ('foo',)
[OK] ('../..',)
[OK] ('foo',)
[OK] ('..',)
[OK] ('foo/./../foo/..',)
[OK] ('../foo',)
[OK] ('foo/../..',)
[OK] ('./../foo',)
[OK] ('foo',)
[OK] ('foo/foo',)
[OK] ('./foo/foo',)
[OK] ('foo',)
[OK] ('foo',)
[OK] ('..',)
[OK] ('./foo',)
[OK] ('foo/..',)
[OK] ('..',)
[OK] ('foo',)
[OK] ('..',)
[OK] ('foo',)
[OK] ('foo/foo/././../foo/foo/foo/.',)
[OK] ('../foo/../.',)
[OK] ('..',)
[OK] ('..',)
[OK] ('./../../foo/../foo/../foo/..',)
[OK] ('../..',)
[OK] ('..',)
[OK] ('./.',)
[OK] ('../..',)
[OK] ('foo/././..',)
[OK] ('..',)
[OK] ('.',)
[OK] ('.',)
[OK] ('.',)
[OK] ('../.',)
[OK] ('..',)
[OK] ('.././.',)
[OK] ('./foo',)
[OK] ('./../foo/foo',)
[OK] ('.',)
[OK] ('foo/foo/foo/../.',)
[OK] ('.',)
[OK] ('.',)
[OK] ('../foo/./foo',)
[OK] ('../foo',)
[OK] ('foo',)
[OK] ('foo/..',)
[OK] ('foo',)
[OK] ('foo',)
[OK] ('.',)
[OK] ('../.',)
[OK] ('foo/foo/./../..',)
[OK] ('foo/.',)
[OK] ('.././foo',)
[OK] ('foo/..',)
[OK] ('./..',)
[OK] ('../././././foo/foo',)
[OK] ('../../foo',)
[OK] ('..',)
[OK] ('foo/..',)
[OK] ('.',)
[OK] ('./.',)
[OK] ('foo/..',)
[OK] ('..',)
[OK] ('foo',)
[OK] ('..',)
[OK] ('foo/foo/foo',)
[OK] ('foo',)
[OK] ('./././.',)
[OK] ('./foo',)
[OK] ('foo',)
[OK] ('.',)
[OK] ('../..',)
[OK] ('..',)
[OK] ('..',)
[OK] ('../foo',)
[OK] ('..',)
[OK] ('foo/foo',)
[OK] ('foo/./foo',)
[OK] ('foo/././.',)
[OK] ('./..',)
[OK] ('..',)
[OK] ('.',)
[OK] ('..',)
[OK] ('foo',)
[OK] ('../../..',)
[OK] ('..',)
[OK] ('..',)
[OK] ('./foo/././foo',)
[OK] ('./foo',)
[OK] ('.',)
[OK] ('foo/..',)
[OK] ('../..',)
[OK] ('./..',)
[OK] ('.',)
[OK] ('..',)
[OK] ('..',)
[OK] ('././.',)
[OK] ('./foo',)
[OK] ('./foo/.',)
[OK] ('./..',)
[OK] ('foo/.././foo',)
[OK] ('foo',)
[OK] ('../foo',)
[OK] ('.',)
[OK] ('../foo',)
[OK] ('.',)
[OK] ('..',)
[OK] ('.././.',)
[OK] ('foo',)
[OK] ('../foo/foo',)
[OK] ('foo',)
[OK] ('../../..',)
[OK] ('foo',)
[OK] ('..',)
[OK] ('.',)
[OK] ('foo/..',)
[OK] ('..',)
[OK] ('foo/./foo',)
[OK] ('foo/../..',)
[OK] ('foo/foo',)
[OK] ('./foo/./..',)
[OK] ('././../.',)
[OK] ('./..',)
[OK] ('.',)
[OK] ('foo/.',)
[OK] ('.',)
[OK] ('foo/../..',)
[OK] ('.',)
[OK] ('../.',)
[OK] ('..',)
[OK] ('./.',)
[OK] ('.',)
[OK] ('.././../foo',)
[OK] ('../foo/foo/foo',)
[OK] ('.',)
[OK] ('.',)
[OK] ('..',)
[OK] ('foo',)
[OK] ('..',)
[OK] ('../..',)
[OK] ('foo/..',)
[OK] ('../.',)
[OK] ('foo/foo',)
[OK] ('foo/..',)
[OK] ('.',)
[OK] ('..',)
[OK] ('..',)
[OK] ('.',)
[OK] ('foo/../..',)
[OK] ('..',)
[OK] ('foo',)
[OK] ('foo/./foo',)
[OK] ('foo',)
[OK] ('.',)
[OK] ('foo',)
[OK] ('./foo/./foo/./foo/foo',)
[OK] ('..',)
[OK] ('..',)
[OK] ('././.././foo/.././foo/../foo/./../.',)
[OK] ('../foo',)
[OK] ('./foo',)
[OK] ('foo',)
[OK] ('../.',)
[OK] ('foo/./../foo/././foo',)
[OK] ('../foo/..',)
[OK] ('.',)
[OK] ('./././.././..',)
[OK] ('.',)
[OK] ('.',)
[OK] ('.',)
[OK] ('foo',)
[OK] ('..',)
[OK] ('./../.',)
[OK] ('foo/../../../.',)
[OK] ('../.',)
[OK] ('.',)
[OK] ('.././.',)
[OK] ('././foo',)
[OK] ('../foo',)
[OK] ('foo/.',)
[OK] ('..',)
[OK] ('.',)
[OK] ('../foo/foo/..',)
[OK] ('foo',)
[OK] ('./foo',)
[OK] ('../foo/foo',)
[OK] ('foo/..',)
[OK] ('..',)
[OK] ('foo',)
[OK] ('../foo/.',)
[OK] ('foo',)
[OK] ('.',)
[OK] ('.',)
[OK] ('foo',)
[OK] ('.',)
[OK] ('foo/foo',)
[OK] ('..',)
[OK] ('foo/..',)
[OK] ('foo/.',)
[OK] ('foo/foo',)
[OK] ('foo',)
[OK] ('../foo/../.',)
[OK] ('../../foo/.',)
[OK] ('..',)
[OK] ('..',)
[OK] ('.',)
[OK] ('foo',)
[OK] ('..',)
[OK] ('foo/foo/foo/.',)
[OK] ('.',)
[OK] ('../foo',)
[OK] ('..',)
[OK] ('foo',)
[OK] ('foo',)
[OK] ('..',)
[OK] ('.',)
[OK] ('../../foo/foo',)
[OK] ('.././..',)
[OK] ('./.././..',)
[OK] ('foo',)
[OK] ('./.././.',)
[OK] ('foo',)
[OK] ('../foo',)
[OK] ('./..',)
[OK] ('./.',)
[OK] ('foo',)
[OK] ('foo',)
[OK] ('./../foo',)
[OK] ('./foo/./foo/././.',)
[OK] ('./foo/././.',)
[OK] ('.',)
[OK] ('../.',)
[OK] ('../.',)
[OK] ('.',)
[OK] ('foo/.././.././.',)
[OK] ('../..',)
[OK] ('./.',)
[OK] ('.',)
[OK] ('.',)
[OK] ('..',)
[OK] ('././../..',)
[OK] ('foo',)
[OK] ('../foo/./.',)
[OK] ('.',)
[OK] ('.',)
[OK] ('.',)
[OK] ('foo',)
[OK] ('foo',)
[OK] ('./.',)
[OK] ('./..',)
[OK] ('foo/foo',)
[OK] ('.././foo',)
[OK] ('foo',)
[OK] ('foo',)
[OK] ('..',)
[OK] ('foo',)
[OK] ('foo',)
[OK] ('foo',)
[OK] ('./../foo',)
[OK] ('foo',)
[OK] ('./foo',)
[OK] ('.',)
[OK] ('./.',)
[OK] ('./..',)
[OK] ('..',)
[OK] ('.',)
[OK] ('..',)
[OK] ('..',)
[OK] ('.././foo/././foo/foo',)
[OK] ('foo/..',)
[OK] ('foo',)
[OK] ('../.',)
[OK] ('..',)
[OK] ('.',)
[OK] ('foo',)
[OK] ('foo',)
[OK] ('foo',)
[OK] ('foo/../foo/../.',)
[OK] ('..',)
[OK] ('.',)
[OK] ('foo',)
[OK] ('foo',)
[OK] ('..',)
[OK] ('foo/./../..',)
[OK] ('foo/foo',)
[OK] ('foo',)
[OK] ('foo/..',)
[OK] ('../foo',)
[OK] ('./..',)
[OK] ('../..',)
[OK] ('./foo/../foo/./..',)
[OK] ('../../foo/foo',)
[OK] ('..',)
[OK] ('././foo/.',)
[OK] ('..',)
[OK] ('foo/..',)
[OK] ('..',)
[OK] ('./..',)
[OK] ('foo',)
[OK] ('.',)
[OK] ('../foo/..',)
[OK] ('foo/foo/.',)
[OK] ('.',)
[OK] ('foo',)
[OK] ('foo',)
[OK] ('.',)
[OK] ('.././..',)
[OK] ('foo/.',)
[OK] ('../foo',)
[OK] ('foo',)
[OK] ('.',)
[OK] ('..',)
[OK] ('../././../foo',)
[OK] ('.',)
[OK] ('./.././foo/../.',)
[OK] ('./foo',)
[OK] ('../.',)
[OK] ('.././foo',)
[OK] ('foo/.',)
[OK] ('foo/foo/../.././.',)
[OK] ('../foo',)
[OK] ('..',)
[OK] ('foo/.',)
[OK] ('..',)
[OK] ('../foo',)
[OK] ('./foo/.',)
[OK] ('..',)
[OK] ('foo/../foo',)
[OK] ('..',)
[OK] ('foo/foo',)
[OK] ('../.',)
[OK] ('foo/foo',)
[OK] ('foo',)
[OK] ('foo/foo/..',)
[OK] ('../.',)
[OK] ('..',)
[OK] ('..',)
[OK] ('foo/foo/../.',)
[OK] ('./foo',)
[OK] ('.././../.././foo',)
[OK] ('../foo/foo/foo',)
[OK] ('foo',)
[OK] ('..',)
[OK] ('../.',)
[OK] ('..',)
[OK] ('foo',)
[OK] ('../../.',)
[OK] ('./foo',)
[OK] ('./foo',)
[OK] ('foo/.././../.',)
[OK] ('foo',)
[OK] ('foo',)
[OK] ('..',)
[OK] ('..',)
[OK] ('.',)
[OK] ('foo',)
[OK] ('.',)
[OK] ('.',)
[OK] ('./.',)
[OK] ('..',)
[OK] ('./foo/./foo',)
[OK] ('././../foo',)
[OK] ('..',)
[OK] ('.',)
[OK] ('../.',)
[OK] ('..',)
[OK] ('./..',)
[OK] ('.',)
[OK] ('foo',)
[OK] ('..',)
[OK] ('..',)
[OK] ('./.',)
[OK] ('..',)
[OK] ('..',)
[OK] ('foo/.',)
[OK] ('.',)
[OK] ('foo/foo/.',)
[OK] ('foo',)
[OK] ('foo',)
[OK] ('../foo/../..',)
[OK] ('foo/..',)
[OK] ('..',)
[OK] ('..',)
[OK] ('foo/foo/..',)
[OK] ('..',)
[OK] ('./../foo/foo',)
[OK] ('foo',)
[OK] ('./..',)
[OK] ('./../foo/.',)
[OK] ('../..',)
[OK] ('..',)
[OK] ('../foo',)
[OK] ('foo',)
[OK] ('../foo/foo/../foo',)
[OK] ('./foo',)
[OK] ('..',)
[OK] ('foo/.',)
[OK] ('..',)
[OK] ('foo/..',)
[OK] ('foo/../foo',)
[OK] ('./foo',)
[OK] ('..',)
[OK] ('././foo/foo/./.',)
[OK] ('foo',)
[OK] ('..',)
[OK] ('..',)
[OK] ('.',)
[OK] ('..',)
[OK] ('foo',)
[OK] ('.',)
[OK] ('..',)
[OK] ('./foo',)
[OK] ('./..',)
[OK] ('./foo',)
[OK] ('foo',)
[OK] ('foo',)
[OK] ('..',)
[OK] ('./foo/.',)
[OK] ('..',)
[OK] ('foo',)
[OK] ('./foo/../../.',)
[OK] ('./foo',)
[OK] ('./..',)
[OK] ('.',)
[OK] ('..',)
[OK] ('../../.',)
[OK] ('foo',)
[OK] ('foo',)
[OK] ('.',)
[OK] ('foo',)
[OK] ('..',)
[OK] ('foo',)
[OK] ('..',)
[OK] ('./../.',)
[OK] ('../foo/..',)
[OK] ('../..',)
[OK] ('../foo/./foo/../..',)
[OK] ('foo',)
[OK] ('..',)
[OK] ('..',)
[OK] ('././../././..',)
[OK] ('foo/foo/foo',)
[OK] ('./foo/..',)
[OK] ('foo',)
[OK] ('././foo',)
[OK] ('foo/../..',)
[OK] ('foo',)
[OK] ('.',)
[OK] ('.',)
[OK] ('..',)
[OK] ('../.',)
[OK] ('foo/foo/../foo',)
[OK] ('.',)
[OK] ('foo/../../../foo/..',)
[OK] ('.././.',)
[OK] ('..',)
[OK] ('.',)
[OK] ('foo',)
[OK] ('foo/../../.',)
[OK] ('foo',)
[OK] ('../foo/./..',)
[OK] ('..',)
[OK] ('foo/./foo',)
[OK] ('../foo',)
[OK] ('..',)
[OK] ('.',)
[OK] ('foo',)
[OK] ('foo',)
[OK] ('./foo/.././foo/..',)
[OK] ('..',)
[OK] ('foo',)
[OK] ('.',)
[OK] ('.',)
[OK] ('foo',)
[OK] ('.',)
[OK] ('foo/foo',)
[OK] ('../foo',)
[OK] ('..',)
[OK] ('.',)
[OK] ('foo/..',)
[OK] ('./../..',)
[OK] ('./foo',)
[OK] ('foo/../..',)
[OK] ('.',)
[OK] ('./foo',)
[OK] ('foo',)
[OK] ('./../..',)
[OK] ('./../../.',)
[OK] ('.',)
[OK] ('foo/./../..',)
[OK] ('../foo/./.',)
[OK] ('.',)
[OK] ('foo/foo/../..',)
[OK] ('.',)
[OK] ('..',)
[OK] ('foo/./.',)
[OK] ('foo',)
[OK] ('foo',)
[OK] ('foo/foo',)
[OK] ('..',)
[OK] ('foo',)
[OK] ('foo/.',)
[OK] ('./foo/../foo/.',)
[OK] ('foo',)
[OK] ('../.',)
[OK] ('foo',)
[OK] ('foo/..',)
[OK] ('foo',)
[OK] ('.',)
[OK] ('foo/..',)
[OK] ('.',)
[OK] ('foo',)
[OK] ('foo/foo/./..',)
[OK] ('foo/.',)
[OK] ('./..',)
[OK] ('../.',)
[OK] ('././../..',)
[OK] ('./foo',)
[OK] ('foo/./../.',)
[OK] ('.',)
[OK] ('..',)
[OK] ('..',)
[OK] ('.',)
[OK] ('.',)
[OK] ('foo',)
[OK] ('.',)
[OK] ('./.',)
[OK] ('foo',)
[OK] ('..',)
[OK] ('..',)
[OK] ('.',)
[OK] ('foo/.',)
[OK] ('foo/./..',)
[OK] ('..',)
[OK] ('..',)
[OK] ('./foo/.',)
[OK] ('foo/foo/foo/.',)
[OK] ('../.',)
[OK] ('.',)
[OK] ('foo/foo',)
[OK] ('./../foo',)
[OK] ('.',)
[OK] ('./foo/././.././.',)
[OK] ('.',)
[OK] ('..',)
[OK] ('foo',)
[OK] ('.',)
[OK] ('.',)
[OK] ('../.',)
[OK] ('foo/..',)
[OK] ('foo',)
[OK] ('..',)
[OK] ('.',)
[OK] ('.',)
[OK] ('./..',)
[OK] ('foo',)
[OK] ('foo/./foo/.././foo/./.',)
[OK] ('./foo/foo/foo/foo',)
[OK] ('foo/../foo',)
[OK] ('foo',)
[OK] ('foo',)
[OK] ('../.',)
[OK] ('.',)
[OK] ('.',)
[OK] ('././..',)
[OK] ('foo/..',)
[OK] ('..',)
[OK] ('foo/.',)
[OK] ('./../..',)
[OK] ('./../..',)
[OK] ('.',)
[OK] ('./foo/.././../.',)
[OK] ('foo/.',)
[OK] ('.',)
[OK] ('./../..',)
[OK] ('foo/.././foo/..',)
[OK] ('..',)
[OK] ('./foo',)
[OK] ('./foo/././foo/..',)
[OK] ('foo',)
[OK] ('../foo/..',)
[OK] ('..',)
[OK] ('.',)
[OK] ('.',)
[OK] ('../foo',)
[OK] ('..',)
[OK] ('foo',)
[OK] ('..',)
[OK] ('foo',)
[OK] ('foo',)
[OK] ('foo',)
[OK] ('foo/..',)
[OK] ('foo/foo',)
[OK] ('foo/foo',)
[OK] ('../.',)
[OK] ('.',)
[OK] ('../.././..',)
[OK] ('.././.',)
[OK] ('.',)
[OK] ('../..',)
[OK] ('../foo',)
[OK] ('foo',)
[OK] ('./foo/foo',)
[OK] ('.',)
[OK] ('../..',)
[OK] ('foo',)
[OK] ('././foo',)
[OK] ('foo/.',)
[OK] ('foo/./..',)
[OK] ('..',)
[OK] ('..',)
[OK] ('..',)
[OK] ('.',)
[OK] ('.././..',)
[OK] ('..',)
[OK] ('..',)
[OK] ('foo',)
[OK] ('./foo/.',)
[OK] ('.',)
[OK] ('..',)
[OK] ('foo',)
[OK] ('..',)
[OK] ('.',)
[OK] ('foo/../../.././..',)
[OK] ('../foo',)
[OK] ('foo/foo/foo/foo',)
[OK] ('foo',)
[OK] ('foo/foo/..',)
[OK] ('..',)
[OK] ('.',)
[OK] ('..',)
[OK] ('foo',)
[OK] ('foo',)
[OK] ('foo',)
[OK] ('..',)
[OK] ('foo/.',)
[OK] ('./foo',)
[OK] ('foo',)
[OK] ('foo',)
[OK] ('..',)
[OK] ('..',)
[OK] ('foo',)
[OK] ('.',)
[OK] ('..',)
[OK] ('foo',)
[OK] ('.',)
[OK] ('.././..',)
[OK] ('./foo',)
[OK] ('.',)
[OK] ('./.',)
[OK] ('./.',)
[OK] ('./.',)
[OK] ('..',)
[OK] ('../../foo',)
[OK] ('../..',)
[OK] ('.',)
[OK] ('..',)
[OK] ('.',)
[OK] ('.',)
[OK] ('foo',)
[OK] ('foo/../.',)
[OK] ('foo/./foo',)
[OK] ('foo',)
[OK] ('foo',)
[OK] ('foo',)
[OK] ('.',)
[OK] ('..',)
[OK] ('.',)
[OK] ('././..',)
[OK] ('foo/.',)
[OK] ('foo',)
[OK] ('foo/foo',)
[OK] ('foo/foo/foo/.',)
[OK] ('..',)
[OK] ('.',)
[OK] ('./..',)
[OK] ('../foo/..',)
[OK] ('..',)
[OK] ('.',)
[OK] ('./.././foo/foo/foo/./.',)
[OK] ('./../foo/foo/foo',)
[OK] ('foo',)
[OK] ('foo',)
[OK] ('.',)
[OK] ('foo',)
[OK] ('.',)
[OK] ('foo',)
[OK] ('../././..',)
[OK] ('..',)
[OK] ('foo',)
[OK] ('..',)
[OK] ('./.',)
[OK] ('..',)
[OK] ('.',)
[OK] ('.',)
[OK] ('.',)
[OK] ('.',)
[OK] ('foo/..',)
[OK] ('foo',)
[OK] ('foo/.',)
[OK] ('..',)
[OK] ('../..',)
[OK] ('foo',)
[OK] ('./..',)
[OK] ('foo/foo/foo',)
[OK] ('..',)
[OK] ('./../../foo',)
[OK] ('.',)
[OK] ('../foo',)
[OK] ('.',)
[OK] ('../.',)
[OK] ('..',)
[OK] ('.',)
[OK] ('.',)
[OK] ('foo/../../foo/foo',)
[OK] ('../foo/./././..',)
[OK] ('foo',)
[OK] ('./.',)
[OK] ('./foo/foo',)
[OK] ('./../../..',)
[OK] ('.',)
[OK] ('foo/.',)
[OK] ('../.././../.',)
[OK] ('foo',)
[OK] ('foo/.',)
[OK] ('foo',)
[OK] ('foo',)
[OK] ('foo/..',)
[OK] ('../../foo/.',)
[OK] ('foo/foo/foo',)
[OK] ('../foo/..',)
[OK] ('.././../..',)
[OK] ('../foo/.',)
[OK] ('foo/.',)
[OK] ('foo',)
[OK] ('..',)
[OK] ('foo/foo',)
[OK] ('./..',)
[OK] ('foo',)
[OK] ('..',)
[OK] ('foo',)
[OK] ('..',)
[OK] ('./foo/foo/.',)
[OK] ('./foo/.',)
[OK] ('..',)
[OK] ('foo',)
[OK] ('foo/../..',)
[OK] ('./..',)
[OK] ('./..',)
[OK] ('.',)
[OK] ('foo',)
[OK] ('foo/..',)
[OK] ('foo/..',)
[OK] ('..',)
[OK] ('.',)
[OK] ('./foo',)
[OK] ('foo/../foo',)
[OK] ('../.',)
[OK] ('.',)
[OK] ('foo/.',)
[OK] ('foo/foo',)
[OK] ('..',)
[OK] ('foo/../.',)
[OK] ('./foo/.',)
[OK] ('foo',)
[OK] ('././.',)
[OK] ('foo/.',)
[OK] ('.',)
[OK] ('foo',)
[OK] ('../../foo/foo',)
[OK] ('foo',)
[OK] ('foo/foo/.',)
[OK] ('./foo/foo/foo',)
[OK] ('.',)
[OK] ('.',)
[OK] ('..',)
[OK] ('./..',)
[OK] ('..',)
[OK] ('foo/.',)
[OK] ('foo/.',)
[OK] ('foo',)
[OK] ('../foo',)
[OK] ('../foo',)
[OK] ('foo/foo',)
[OK] ('foo/..',)
[OK] ('./foo',)
[OK] ('.',)
[OK] ('././..',)
[OK] ('foo/..',)
[OK] ('./.',)
[OK] ('foo/.',)
[OK] ('..',)
[OK] ('.',)
[OK] ('foo',)
[OK] ('.',)
[OK] ('../foo/..',)
[OK] ('foo',)
[OK] ('foo/foo/..',)
[OK] ('foo',)
[OK] ('..',)
[OK] ('foo',)
[OK] ('foo/.././foo',)
[OK] ('..',)
[OK] ('././././foo',)
[OK] ('.',)
[OK] ('./foo/foo/../foo',)
[OK] ('../.',)
[OK] ('./foo',)
[OK] ('./.././.',)
[OK] ('..',)
[OK] ('foo/../foo/.',)
[OK] ('foo',)
[OK] ('.',)
[OK] ('..',)
[OK] ('foo/././foo',)
[OK] ('foo/foo',)
[OK] ('.',)
[OK] ('foo/foo',)
[OK] ('../.',)
[OK] ('..',)
[OK] ('foo/foo',)
[OK] ('..',)
[OK] ('../foo',)
[OK] ('foo/.',)
[OK] ('./.',)
[OK] ('.',)
[OK] ('foo',)
[OK] ('foo/.',)
[OK] ('../../foo/../../foo/.',)
[OK] ('foo',)
[OK] ('..',)
[OK] ('.',)
[OK] ('.',)
[OK] ('foo/foo',)
[OK] ('./foo/foo',)
[OK] ('.',)
[OK] ('foo',)
Summary: 1000/1000 passed, execution time: producing 0.3826209999999988 s, checking 0.340359999999998 s
Original execution time 0.006166000000006333 s, overhead 0.33419399999999166 s.
