Fuzz safepath
[OK] ('/', '/')
[OK] ('/', '/')
[OK] ('lf\x02E\x174/\x16\x04/q', '/')
[OK] ('/|BD-)\x1a6/s{,\n"/~(//', '/')
[OK] ('\x7fykog\x03\x10V\x01aN/$/SpH/', '/')
[OK] ('\x1fIO5j@\\/}C0/\x07//', '/')
[OK] ('Jzb^<c\x14/&/\x11//', '/')
[OK] ('/W\x1bTi\x19/\x05nt//', '/')
[OK] ('/Xx\x08[+\x13/:P\x00\x1c\x06]/\x18//', '/')
[OK] ('Fr\x0e\x0c1d\x1e \x0fm/\x0b#u//K/', '/')
[OK] ('/', '/')
[OK] ('', '/')
[OK] ('/W\x16\x0foY)T\x00\x1e/\x18\x14PZ/[M`//', '/')
[OK] ('/\x01\x07Gk6\x12/pB/\x1f//', '/')
[OK] ('*]-m\n}\x19/\x03x/F\x10/', '/')
[OK] ('&5da\x1b{_<s!:(|/.=\x1c\x04L2h;EVC/\x06K/', '/')
[OK] ("/cJw\x05+ri/'q?DU/A//", '/')
[OK] ('/%^O\x08/1>X////', '/')
[OK] ('/f\t\x11e4\x7f"~/\x13v/g/', '/')
[OK] ('0\x17$\x0etb#u\x0c\x0bSQ/\x1aj9@y/ 73//', '/')
[OK] ('/8\x15\\z,\x02RNIl/\r\x1dnHH./\x17qz\x0b//', '/')
[OK] ('/G/', '/')
[OK] ('/', '/')
[OK] ('n\x14\x03\x00/', '/')
[OK] ('/', '/')
[OK] ('/', '/')
[OK] ('/', '/')
[OK] ('/', '/')
[OK] ('/', '/')
[OK] ('', '/')
[OK] ('/', '/')
[OK] ('/', '/')
[OK] ('\x15D\\XOZ7<~/!///{/', '/')
[OK] ('/az\x172C/\x03+G/R/', '/')
[OK] ('/\x19\x10c\x1b\x13\x08i/\x18/g//', '/')
[OK] ('/r4@K/u/>\rB/', '/')
[OK] ('ImkH;tJy\x16 .\x1d/\x04\nF51//', '/')
[OK] ('/*-N`/P/\x0b/', '/')
[OK] ('/h?3\x7f)\x1a/A\x1f,bj//', '/')
[OK] ('\t(%Eo/&q///', '/')
[OK] ('\x07Wen\x00\x126/=9\x06wS/\x0c/Y/', '/')
[OK] ('/\x0eV:|\x1eL/_l\x0f]/M/', '/')
[OK] ('/"\x02$T8dvf[0#}/\x01xp/s/\'', '/')
[OK] ('/QU^/\x11\x14\x05\x1c\x05/"m0j</5</9v', '/')
[OK] ('H', '/')
[OK] ('/', '/')
[OK] ('/', '/')
[OK] ('/', '/')
[OK] ('/', '/')
[OK] ('t_K/A/#\r\\0\x19', '/')
[OK] ('/', '/')
[OK] ('', '/')
[OK] ('', '/')
[OK] ('/', '/')
[OK] ('/', '/')
[OK] ('/', '/')
[OK] ('//Dbu', '/')
[OK] ('/', '/')
[OK] ('/', '/')
[OK] ('/', '/')
[OK] ('/;', '/')
[OK] ('/4', '/')
[OK] ('A]', '/')
[OK] ('/\x08Q/', '/')
[OK] ('/', '/')
[OK] ('\x1d//\x15f', '/')
[OK] ('/', '/')
[OK] ('/', '/')
[OK] ('/C', '/')
[OK] ('/', '/')
[OK] ('/', '/')
[OK] ('/\'K\x1b=j\x14lUJ0x)\x0f\x0c\x04\x1e^>OMc<&Yg}sm3k\x02d:%;+\n\x11q\x156\\N\x00\x0eG\x10\x19zarW7@ \x06?ES\x18H\rw~P5\x13y"bDeB$,fIu\x0b|8\x03\x1f\x01[it4.\x1aCA\x12Vh!2\x07RQZ#{9n\tTov\x08(L\x16`\x05\x1d-\x1cF*_X\x7f\x17p]\x02_r/1', '/')
[OK] ('\x04H\x14Q', '/')
[OK] ('/', '/')
[OK] ('/', '/')
[OK] ('///6//i', '/')
[OK] ('/', '/')
[OK] ('/', '/')
[OK] ('/', '/')
[OK] ('/', '/')
[OK] ('//0i\n(\x11[hc', '/')
[OK] ('/', '/')
[OK] ('//\x13LiJ/=', '/')
[OK] ('/', '/')
[OK] ('/MA', '/')
[OK] ('/', '/')
[OK] ('', '/')
[OK] ('/', '/')
[OK] ('/', '/')
[OK] ('E/', '/')
[OK] ('W', '/')
[OK] ('/', '/')
[OK] ('', '/')
[OK] ('idV?A4\n/', '/')
[OK] ('/.XCf/M\x1f', '/')
[OK] ('/\x08\t/S', '/')
[OK] ('', '/')
[OK] ('///I/wvZ', '/')
[OK] ('zz/', '/')
[OK] ('/', '/')
[OK] ('/', '/')
[OK] ('/: /\x12', '/')
[OK] ('/', '/')
[OK] ('/', '/')
[OK] ('/', '/')
[OK] ('TK%<', '/')
[OK] ('//j/\ns\x16{', '/')
[OK] ('/\x01/@?N', '/')
[OK] ('/', '/')
[OK] ('/\x1a', '/')
[OK] ('/\x18\x03/D/\x0f//////o', '/')
[OK] ('/', '/')
[OK] ('/', '/')
[OK] ('//\x02', '/')
[OK] ('//,\x18//', '/')
[OK] ('/', '/')
[OK] ('/', '/')
[OK] ('/H+\x1eO', '/')
[OK] ('/', '/')
[OK] ('/', '/')
[OK] ('/', '/')
[OK] ('/', '/')
[OK] ('/\x1a}<//', '/')
[OK] ('/', '/')
[OK] ('/', '/')
[OK] ('#u', '/')
[OK] ('/', '/')
[OK] ('/', '/')
[OK] ('/', '/')
[OK] ('/', '/')
[OK] ('/', '/')
[OK] ('/', '/')
[OK] ('/', '/')
[OK] ('/', '/')
[OK] ('//', '/')
[OK] ('A', '/')
[OK] ('/\x16d', '/')
[OK] ('/-', '/')
[OK] ('/', '/')
[OK] ('/', '/')
[OK] ('G', '/')
[OK] ('/', '/')
[OK] ('/', '/')
[OK] ('/', '/')
[OK] ('\x0eR/\x06[//f/\x0ekLV\x16>V/P/`e/\x12//', '/')
[OK] ('//M\x1e6', '/')
[OK] ('/', '/')
[OK] ('/', '/')
[OK] ('/', '/')
[OK] ('y=/', '/')
[OK] ('/', '/')
[OK] ('/5.6\x01B\x06#AzJF\x1eGaZXpt\x0ebyM\x0c-\x14\x00Y\x0f"\x11\x17D2Qo4%`&s1,\x13k>m\x7f^?O@7P\tS3*d~E{q\x10\x08\x15V\x1d_I}n\r(\x0b\nf\x02;0+\x1b:<eH\x1c$)WRK\x05T\x19w8Ci9\x16x=j]U\x1a[g\x03 \x04\x18crLu|\x1f\\\x07!\x12vlN\'h', '/')
[OK] ('/', '/')
[OK] ('/', '/')
[OK] ('/', '/')
[OK] ('/', '/')
[OK] ('/B"/\x19\'', '/')
[OK] ('', '/')
[OK] ('/', '/')
[OK] ('/', '/')
[OK] ('/[', '/')
[OK] ('/', '/')
[OK] ('/\x14\x12&', '/')
[OK] ('/6', '/')
[OK] ('/', '/')
[OK] ('/', '/')
[OK] ('/', '/')
[OK] ('/k', '/')
[OK] ('//T', '/')
[OK] ('/', '/')
[OK] ('/', '/')
[OK] ('/', '/')
[OK] ('\x05', '/')
[OK] ('/', '/')
[OK] ('f/}\t^', '/')
[OK] ('//R', '/')
[OK] ('/', '/')
[OK] ('/', '/')
[OK] ('/', '/')
[OK] ('/', '/')
[OK] ('/', '/')
[OK] ('/', '/')
[OK] ('/', '/')
[OK] ('/', '/')
[OK] ('/', '/')
[OK] ('/', '/')
[OK] ('/jn/', '/')
[OK] ('', '/')
[OK] ('/', '/')
[OK] ('/', '/')
[OK] ('/', '/')
[OK] ('/', '/')
[OK] ('/', '/')
[OK] ('\\p', '/')
[OK] ('/', '/')
[OK] ('//k', '/')
[OK] ('/', '/')
[OK] ('/', '/')
[OK] ('/w', '/')
[OK] ('/', '/')
[OK] ('/', '/')
[OK] ('/', '/')
[OK] ('/', '/')
[OK] ('/', '/')
[OK] ('/', '/')
[OK] ('/', '/')
[OK] ('y\x03//I//', '/')
[OK] ('/', '/')
[OK] ('/', '/')
[OK] ('/', '/')
[OK] ('/', '/')
[OK] ('/', '/')
[OK] ('/', '/')
[OK] ('/', '/')
[OK] ('/', '/')
[OK] ('//3', '/')
[OK] ('/', '/')
[OK] ('/', '/')
[OK] ('/Y/', '/')
[OK] ('/', '/')
[OK] ('/', '/')
[OK] ('/M', '/')
[OK] ('/', '/')
[OK] ('', '/')
[OK] ('P/"', '/')
[OK] ('/', '/')
[OK] ('/r', '/')
[OK] ('/j', '/')
[OK] ('/', '/')
[OK] ('/', '/')
[OK] ('/', '/')
[OK] ('b\x18//', '/')
[OK] ('', '/')
[OK] ('', '/')
[OK] ('', '/')
[OK] ('/', '/')
[OK] ('// w\x01', '/')
[OK] ('/', '/')
[OK] ('/', '/')
[OK] ('/', '/')
[OK] ('', '/')
[OK] ('/w&\x1c\x0c\x19\x01_z', '/')
[OK] ('/M', '/')
[OK] ('', '/')
[OK] ('/', '/')
[OK] ('/', '/')
[OK] ('XA', '/')
[OK] ('c', '/')
[OK] ('//)Q', '/')
[OK] ('/', '/')
[OK] ('/', '/')
[OK] ('/\x00', '/')
[OK] ('/\tZ', '/')
[OK] ('>D_Nf', '/')
[OK] ('/zJ"/', '/')
[OK] ('//2/ ./;\x18\x19\x1f9p,^', '/')
[OK] ('/', '/')
[OK] ('\x15', '/')
[OK] ('r/', '/')
[OK] ('/\x05\x1aen/7', '/')
[OK] ('/', '/')
[OK] ("/'", '/')
[OK] ('/Huj', '/')
[OK] ('/', '/')
[OK] ('\x07//b', '/')
[OK] ('/', '/')
[OK] ('/5/', '/')
[OK] ('//', '/')
[OK] ('/', '/')
[OK] ('/', '/')
[OK] ('/', '/')
[OK] ('///\x06/_%/', '/')
[OK] ('/', '/')
[OK] ('/', '/')
[OK] ('/d', '/')
[OK] ('O/.', '/')
[OK] ('///\x00\x15/[', '/')
[OK] ('/', '/')
[OK] ('/', '/')
[OK] ('/', '/')
[OK] ('/ \x1dJ\r', '/')
[OK] ('/', '/')
[OK] ('/', '/')
[OK] ('/n[/', '/')
[OK] ('/', '/')
[OK] ('/\x00', '/')
[OK] ('/', '/')
[OK] ('/x////\x18/', '/')
[OK] ('/', '/')
[OK] ('/', '/')
[OK] ('/', '/')
[OK] ('/', '/')
[OK] ('/', '/')
[OK] ('/62r7\x1f', '/')
[OK] ('/', '/')
[OK] ('/', '/')
[OK] ('b/n', '/')
[OK] ('/', '/')
[OK] ('/', '/')
[OK] ('/\x1f+q', '/')
[OK] ('/', '/')
[OK] ('/', '/')
[OK] ('=', '/')
[OK] ('/', '/')
[OK] ('/', '/')
[OK] ('9', '/')
[OK] ('/', '/')
[OK] ('/', '/')
[OK] ('/', '/')
[OK] ('/_', '/')
[OK] ('/', '/')
[OK] ('/_/+y,\x0f\x18hX\x1cY\x1fzA\x152~=\nf#UJ7\t>gZr\x12dB|\x13\x14OP\x1d@{e;i\x03N\x0e\x17!In6L R0q\x08*\x161x\x11m.b\x1b"3\x004Sta-\x07Cc\x06FVoQ<W)\x19%9T}5uw:K\r\x7f\\sDGk\x0b$\x04[^\x0cvMjl\'E\x05\x1e8\x1a(pH?]\x02\x01\x10&`', '/')
[OK] ('}/<^', '/')
[OK] ('/q//\t', '/')
[OK] ('//\t]\x10/\x0f4', '/')
[OK] ('/', '/')
[OK] ('/', '/')
[OK] ('/!', '/')
[OK] ('/', '/')
[OK] ('/', '/')
[OK] ('//uF///I(', '/')
[OK] ('/', '/')
[OK] ('\x0b', '/')
[OK] ('/0/ ////&//6/-', '/')
[OK] ('////>/ZC/<', '/')
[OK] ('/', '/')
[OK] ('//G//', '/')
[OK] ('/', '/')
[OK] ('/', '/')
[OK] ('/', '/')
[OK] ('/', '/')
[OK] ('\x7f\x19F{)/', '/')
[OK] ('/', '/')
[OK] ('/', '/')
[OK] ('/Oj/T', '/')
[OK] ('/', '/')
[OK] ('/', '/')
[OK] ('/', '/')
[OK] ('/', '/')
[OK] ('/', '/')
[OK] ('WP\x0e', '/')
[OK] ('/', '/')
[OK] ('/', '/')
[OK] ('/c\x04/M', '/')
[OK] ('/~////', '/')
[OK] ('//yA', '/')
[OK] ('/', '/')
[OK] ('/', '/')
[OK] ('/', '/')
[OK] ('/', '/')
[OK] ('/', '/')
[OK] ('/', '/')
[OK] ('//D', '/')
[OK] ('/', '/')
[OK] ('/', '/')
[OK] ('/', '/')
[OK] ('/', '/')
[OK] ('//', '/')
[OK] ('/', '/')
[OK] ('/', '/')
[OK] ('/', '/')
[OK] ('/', '/')
[OK] ('', '/')
[OK] ('/\x04/\x05NT//}\x121', '/')
[OK] ('', '/')
[OK] ('//\x18', '/')
[OK] ('/', '/')
[OK] ('/', '/')
[OK] ('/[PsC/', '/')
[OK] ('/', '/')
[OK] ('/', '/')
[OK] ('/', '/')
[OK] ('/', '/')
[OK] ('3//', '/')
[OK] ('G*\x02g\x13/.w\x06/J$\x18', '/')
[OK] ('/', '/')
[OK] ('/', '/')
[OK] ('/', '/')
[OK] (':/y/ur', '/')
[OK] ('/', '/')
[OK] ('/', '/')
[OK] ('/', '/')
[OK] ('/', '/')
[OK] ('/', '/')
[OK] ('/', '/')
[OK] ('/', '/')
[OK] ('/', '/')
[OK] ('/', '/')
[OK] ('', '/')
[OK] ('/', '/')
[OK] ('/', '/')
[OK] ('//\x05', '/')
[OK] ('/q///\x1fW|\x06/.', '/')
[OK] ('/', '/')
[OK] ('^', '/')
[OK] ('/~', '/')
[OK] ('///AX4//"//', '/')
[OK] ('/', '/')
[OK] ('/', '/')
[OK] ('///0m\x11(\x7f', '/')
[OK] ('v', '/')
[OK] ('', '/')
[OK] ('', '/')
[OK] ('/68/', '/')
[OK] ('/(/', '/')
[OK] ('/', '/')
[OK] ('/', '/')
[OK] ('', '/')
[OK] (' ', '/')
[OK] ('/', '/')
[OK] ('/', '/')
[OK] ('/', '/')
[OK] ('/', '/')
[OK] ('2#', '/')
[OK] ('/\x13/', '/')
[OK] ('', '/')
[OK] ('LC? ', '/')
[OK] ('/', '/')
[OK] ('/', '/')
[OK] ('/', '/')
[OK] ('///hQ(1\x143', '/')
[OK] ('/@/', '/')
[OK] ('y\x01', '/')
[OK] ('/', '/')
[OK] ('/\x00/c0', '/')
[OK] ('/', '/')
[OK] ('/\x0757', '/')
[OK] ('"d/|\x17', '/')
[OK] ('/N~K$/PL', '/')
[OK] ('/', '/')
[OK] ('/', '/')
[OK] ('/', '/')
[OK] ('///r', '/')
[OK] ('/\x1f:8///`S', '/')
[OK] ('/v/_', '/')
[OK] ('/\x7f', '/')
[OK] ('/', '/')
[OK] ('/', '/')
[OK] ('/', '/')
[OK] ('/', '/')
[OK] ('/', '/')
[OK] ('/', '/')
[OK] ('/', '/')
[OK] ('/', '/')
[OK] ('/', '/')
[OK] ('/', '/')
[OK] ('/S$2///uD//<//q/~/', '/')
[OK] ('/', '/')
[OK] ('/', '/')
[OK] ('', '/')
[OK] ('//\x07=///', '/')
[OK] ('M3\x7f1/I/', '/')
[OK] ('g', '/')
[OK] ('/', '/')
[OK] ('/', '/')
[OK] ('/', '/')
[OK] ('/8\n//z', '/')
[OK] ('//\nN/\x0fkL\x14p/{', '/')
[OK] ('/', '/')
[OK] ('/', '/')
[OK] ('/', '/')
[OK] ('/', '/')
[OK] ('/', '/')
[OK] ('/', '/')
[OK] ('//', '/')
[OK] ('', '/')
[OK] ('/', '/')
[OK] ("'F\x16/u/", '/')
[OK] ('/', '/')
[OK] ('/', '/')
[OK] ('/', '/')
[OK] ("//!\x11'///", '/')
[OK] ('/', '/')
[OK] ('/', '/')
[OK] ('/\x19/e/', '/')
[OK] ('UJ', '/')
[OK] ('/', '/')
[OK] ('/', '/')
[OK] ('/', '/')
[OK] ('/', '/')
[OK] ('//v/\\\x7f_\x00#VFP/', '/')
[OK] ('', '/')
[OK] ('/F\x06\x00/', '/')
[OK] ('/', '/')
[OK] ('/', '/')
[OK] ('/', '/')
[OK] ('/', '/')
[OK] ('/<NA', '/')
[OK] ('/', '/')
[OK] ('/', '/')
[OK] ('/!', '/')
[OK] ('/', '/')
[OK] ('/', '/')
[OK] ('/', '/')
[OK] ('/%\x18', '/')
[OK] ('/', '/')
[OK] ('//3', '/')
[OK] ('/@$"~R', '/')
[OK] ('/', '/')
[OK] ('', '/')
[OK] ('//', '/')
[OK] ('/', '/')
[OK] ('/', '/')
[OK] ('///=', '/')
[OK] ('/', '/')
[OK] ('//A+//', '/')
[OK] ('/', '/')
[OK] ('/', '/')
[OK] ('/_u^/k0/\x19/', '/')
[OK] ('/', '/')
[OK] ('/\x14*/', '/')
[OK] ('/bI', '/')
[OK] ('\x0c&\x18', '/')
[OK] ('/', '/')
[OK] ('/', '/')
[OK] ('/', '/')
[OK] ('/', '/')
[OK] ('/', '/')
[OK] ('/', '/')
[OK] ('/', '/')
[OK] ('/', '/')
[OK] ('//', '/')
[OK] ('/', '/')
[OK] ('//\x1f/-/< 5/8/', '/')
[OK] ('Q/1', '/')
[OK] ('/', '/')
[OK] ('/', '/')
[OK] ('x', '/')
[OK] ('', '/')
[OK] ('/', '/')
[OK] ('/', '/')
[OK] ('/', '/')
[OK] ('//cs$/?', '/')
[OK] ('/\x1f', '/')
[OK] ('M/\t}z', '/')
[OK] ('/\x17/', '/')
[OK] ('/', '/')
[OK] ('/', '/')
[OK] ('/', '/')
[OK] ("Wp\x1ei=/'R//\x10", '/')
[OK] ('/', '/')
[OK] ('GHt/=/\x06*/)l/', '/')
[OK] ('/', '/')
[OK] ('/', '/')
[OK] ('/', '/')
[OK] ('', '/')
[OK] ('/', '/')
[OK] ('//*{4', '/')
[OK] ('', '/')
[OK] ('sS', '/')
[OK] ('//Yy//', '/')
[OK] ('/', '/')
[OK] ('/', '/')
[OK] ('/g///c4a]', '/')
[OK] ('/', '/')
[OK] ('/', '/')
[OK] ('/gW/\x1c/', '/')
[OK] ('//\x0c', '/')
[OK] ('/', '/')
[OK] ('/', '/')
[OK] ('\x7f*1//', '/')
[OK] ('/', '/')
[OK] ('/', '/')
[OK] ('/', '/')
[OK] ('/', '/')
[OK] ('/', '/')
[OK] ('/hi\x08/uj/E;}1', '/')
[OK] ('/', '/')
[OK] ('n/KB/`', '/')
[OK] ('', '/')
[OK] ('/\x0f/|6', '/')
[OK] ('/', '/')
[OK] ('/', '/')
[OK] ('/', '/')
[OK] ('/', '/')
[OK] ('///', '/')
[OK] ('/', '/')
[OK] ('/', '/')
[OK] ('//[C/M', '/')
[OK] ('/\x14}\nh/Ku', '/')
[OK] ('/', '/')
[OK] ('', '/')
[OK] ('/', '/')
[OK] ('/', '/')
[OK] ('/', '/')
[OK] ('/', '/')
[OK] ('/,\x06`xi^/\x1eI/,gF%\x7f2/\x02r', '/')
[OK] ('3/', '/')
[OK] ('/', '/')
[OK] ('/', '/')
[OK] ('/', '/')
[OK] ('', '/')
[OK] ('/', '/')
[OK] ('///', '/')
[OK] ('4', '/')
[OK] ('%/', '/')
[OK] ('/UB', '/')
[OK] ('Byc\x7f', '/')
[OK] ('/', '/')
[OK] ('/', '/')
[OK] ('/*\r|', '/')
[OK] ('/', '/')
[OK] ('\x04~y\x0f', '/')
[OK] ('/\x0c', '/')
[OK] ('/', '/')
[OK] ('/', '/')
[OK] ('/', '/')
[OK] ('/', '/')
[OK] ('/,/', '/')
[OK] ('h\x0c', '/')
[OK] ('/\x0f\x02', '/')
[OK] ('/', '/')
[OK] ('/', '/')
[OK] ('/QB/', '/')
[OK] ('/', '/')
[OK] ('/\x18%/\x06', '/')
[OK] ('', '/')
[OK] ('', '/')
[OK] ('/', '/')
[OK] ('/', '/')
[OK] ('/', '/')
[OK] ('/', '/')
[OK] ('/', '/')
[OK] ('', '/')
[OK] ('/', '/')
[OK] ('/', '/')
[OK] ('/i\x18U//FKY\\', '/')
[OK] ('\r', '/')
[OK] ('/', '/')
[OK] ('/', '/')
[OK] ('/-/ry \x12^Z\x16zL\x03HlnpSR|#\rU85OdaKc<\x17V(M\x1a\x1d{1jb\x00g\x01\x1e\x02A\x13\x19]2\x0bPh=4>&\x18f\x106\to:\x7f3FGQ%D@\x06[u\x15$\x1b\x05eIk"7_t\x11\x08`v!\\}+?m\x1c\x04,\'0\x14\x0c;X*wi\x0fTq~)\n.sJEN9YB\x07\x1f\x0exCW\x17', '/')
[OK] ('/', '/')
[OK] ('\x03/3+/', '/')
[OK] ('g%\x00Wbg/', '/')
[OK] ('/', '/')
[OK] ('/', '/')
[OK] ('$B;0\x16H\x00/', '/')
[OK] ('/', '/')
[OK] ('/', '/')
[OK] ('/', '/')
[OK] ('', '/')
[OK] ('r/F#', '/')
[OK] ('/', '/')
[OK] ('/A', '/')
[OK] ('/', '/')
[OK] ('/', '/')
[OK] ('/', '/')
[OK] ('/', '/')
[OK] ('/', '/')
[OK] ('S/,;\x16\x15m\x1c// //\x05', '/')
[OK] ('', '/')
[OK] ('//', '/')
[OK] ('//', '/')
[OK] ('/', '/')
[OK] ('/', '/')
[OK] ('/`', '/')
[OK] ('/', '/')
[OK] ('/', '/')
[OK] ('n', '/')
[OK] ('/', '/')
[OK] ('/', '/')
[OK] ('/', '/')
[OK] ('//-WE}', '/')
[OK] ('/', '/')
[OK] ('', '/')
[OK] ('v!', '/')
[OK] ('/T', '/')
[OK] ("'nh?g^)/\x1d", '/')
[OK] ('/', '/')
[OK] (':/y9', '/')
[OK] ('/', '/')
[OK] ('/', '/')
[OK] ('\x17SD\x01hL/r\x1c/\x19/\x14', '/')
[OK] ('', '/')
[OK] ('/', '/')
[OK] ('BFGn/', '/')
[OK] ('/', '/')
[OK] ('/', '/')
[OK] ('', '/')
[OK] ('/', '/')
[OK] ('/', '/')
[OK] ('/\x019^', '/')
[OK] ('<k', '/')
[OK] ('//$', '/')
[OK] ('/', '/')
[OK] ('\x1b', '/')
[OK] ('/', '/')
[OK] ('/', '/')
[OK] ('/\\5/', '/')
[OK] ('/', '/')
[OK] ('/', '/')
[OK] ('/', '/')
[OK] ('/', '/')
[OK] ('///', '/')
[OK] ('////3/', '/')
[OK] ('R]', '/')
[OK] ('// z/\x08N/Iz', '/')
[OK] ('/', '/')
[OK] ('/', '/')
[OK] ('/', '/')
[OK] ('/', '/')
[OK] ('\x0f', '/')
[OK] ('/', '/')
[OK] ('/', '/')
[OK] ('/', '/')
[OK] ('/', '/')
[OK] ('', '/')
[OK] ('/2RP//', '/')
[OK] ('//', '/')
[OK] ('/', '/')
[OK] ('/', '/')
[OK] ('U', '/')
[OK] ('/', '/')
[OK] ('/', '/')
[OK] ('', '/')
[OK] ('/', '/')
[OK] ('*/z', '/')
[OK] ('/', '/')
[OK] ('/', '/')
[OK] ('', '/')
[OK] ('/', '/')
[OK] ('/', '/')
[OK] ('dt/|\x0b/\x1e', '/')
[OK] ('//a', '/')
[OK] ('/', '/')
[OK] ('', '/')
[OK] ('//\r////', '/')
[OK] ('/', '/')
[OK] ('/3/', '/')
[OK] ('\x01', '/')
[OK] ('/', '/')
[OK] ('#', '/')
[OK] ('\x06/', '/')
[OK] ('/k\r', '/')
[OK] ('/', '/')
[OK] ('/', '/')
[OK] ('', '/')
[OK] ('/', '/')
[OK] ('//', '/')
[OK] ('/', '/')
[OK] ('/', '/')
[OK] ('', '/')
[OK] ('/', '/')
[OK] ('\x0b', '/')
[OK] ('///H', '/')
[OK] ('/', '/')
[OK] ('\x1d\\(\x05', '/')
[OK] ('P//', '/')
[OK] ('', '/')
[OK] ('/@/D', '/')
[OK] ('/', '/')
[OK] ('///', '/')
[OK] ('/', '/')
[OK] ('/', '/')
[OK] ('/8\x18\x0b', '/')
[OK] ('/', '/')
[OK] ('/', '/')
[OK] ('@G_y/', '/')
[OK] ('/', '/')
[OK] ('/', '/')
[OK] ('/////', '/')
[OK] ('/', '/')
[OK] ('/', '/')
[OK] ('/', '/')
[OK] ('/', '/')
[OK] ('/', '/')
[OK] ('I\x02//7', '/')
[OK] ('////x&/', '/')
[OK] ('L$Gt/|/', '/')
[OK] ('/*/', '/')
[OK] ('/', '/')
[OK] ('/E', '/')
[OK] ('/', '/')
[OK] ('/', '/')
[OK] ('/6o////v\x13', '/')
[OK] ('/', '/')
[OK] ('/<\x07', '/')
[OK] ('/vlv!//', '/')
[OK] ('/', '/')
[OK] ('/', '/')
[OK] ('/', '/')
[OK] ('//', '/')
[OK] ('/\tk7/*wOf/\x1cQ\x01', '/')
[OK] ('/', '/')
[OK] ('//s\x04\x1c/u*', '/')
[OK] ('N?', '/')
[OK] ('\x1e', '/')
[OK] ('/=', '/')
[OK] ('/k(/N/f', '/')
[OK] ('/', '/')
[OK] ('/', '/')
[OK] ('/', '/')
[OK] ('/', '/')
[OK] ('/', '/')
[OK] ('/', '/')
[OK] ('/', '/')
[OK] ('/', '/')
[OK] (']', '/')
[OK] ('/', '/')
[OK] ('/', '/')
[OK] ('/M/On/QV+[', '/')
[OK] ('/', '/')
[OK] ('', '/')
[OK] ('/', '/')
[OK] ('/', '/')
[OK] ('//\r\x06\x0e-(0/\x01/ro', '/')
[OK] ('/H/eDu/\x10/J?///X', '/')
[OK] ('/', '/')
[OK] ('\x0e/', '/')
[OK] ('/', '/')
[OK] ('/', '/')
[OK] ('/', '/')
[OK] ('/', '/')
[OK] ('/', '/')
[OK] ('/s\x19Q', '/')
[OK] ('/h', '/')
[OK] ('\x10/', '/')
[OK] ('/', '/')
[OK] ('/', '/')
[OK] ('/bk_Cf/\t=ut{', '/')
[OK] ('///^JOl', '/')
[OK] ('/', '/')
[OK] ('/', '/')
[OK] ('g\\//', '/')
[OK] ('/)UH', '/')
[OK] ('6', '/')
[OK] ('/', '/')
[OK] ('/', '/')
[OK] ('/\x1c', '/')
[OK] ('/', '/')
[OK] ('/', '/')
[OK] ('/', '/')
[OK] ('/', '/')
[OK] ('/', '/')
[OK] ('\x0bH', '/')
[OK] ('/', '/')
[OK] ('/', '/')
[OK] ('/', '/')
[OK] ('/', '/')
[OK] ('/', '/')
[OK] ('/\x02\x17', '/')
[OK] ('//tV(/', '/')
[OK] ('//^/', '/')
[OK] ('YHt', '/')
[OK] ('/', '/')
[OK] ('/', '/')
[OK] ('/', '/')
[OK] ('/', '/')
[OK] ('/f', '/')
[OK] ('/', '/')
[OK] ('/', '/')
[OK] ('/{\rtK', '/')
[OK] ('/', '/')
[OK] ('/', '/')
[OK] ('/', '/')
[OK] ('/', '/')
[OK] ('/', '/')
[OK] ('/', '/')
[OK] ('/\r', '/')
[OK] ('/', '/')
[OK] ('/', '/')
[OK] ('/', '/')
[OK] ('/', '/')
[OK] ('/', '/')
[OK] ('/', '/')
[OK] ('/', '/')
[OK] ('//J', '/')
[OK] ('/', '/')
[OK] ('/', '/')
[OK] ('\x05', '/')
[OK] ('/', '/')
[OK] ('/', '/')
[OK] ('/', '/')
[OK] ('/', '/')
[OK] ('\t', '/')
[OK] ('$\x7ff/#////-', '/')
[OK] ("'//%\x1a\x08\x16h/E/7//", '/')
[OK] ('/', '/')
[OK] ('/\\\x11\x01/\x05\x08//\x0b', '/')
[OK] ('/', '/')
[OK] ('/', '/')
[OK] ('n:\x00/k', '/')
[OK] ('/', '/')
[OK] ('rV\\f/{\x13./\x08?fgz!)', '/')
[OK] ('', '/')
[OK] ('/', '/')
[OK] ('/', '/')
[OK] ('/', '/')
[OK] ('/', '/')
[OK] ('/', '/')
[OK] ('/', '/')
[OK] ('/', '/')
[OK] ('', '/')
[OK] ('/', '/')
[OK] ('/', '/')
[OK] ('/', '/')
[OK] ('/', '/')
[OK] ('/', '/')
[OK] ('/', '/')
[OK] ('/', '/')
[OK] ('/', '/')
[OK] ('/&', '/')
[OK] ('/', '/')
[OK] ('/', '/')
[OK] ('/', '/')
[OK] ('/\x0e-', '/')
[OK] ('/\x11//\t/Z', '/')
[OK] ('//', '/')
[OK] ('/', '/')
[OK] ('/', '/')
[OK] ('/\x06\x10', '/')
[OK] ('/', '/')
[OK] ('/V\x17u\x038H/\\//4/^/\r_]/v', '/')
[OK] ('//\x1e//Y', '/')
[OK] ('/', '/')
[OK] ('/', '/')
[OK] ('/', '/')
[OK] ('/', '/')
[OK] ('/z////', '/')
[OK] ('/', '/')
[OK] (' ', '/')
[OK] ('/Q///gM$0', '/')
[OK] ('/', '/')
[OK] ('/', '/')
[OK] ('/', '/')
[OK] ("/'//", '/')
[OK] ('8`/', '/')
[OK] ('/', '/')
[OK] ('/', '/')
[OK] ('/', '/')
[OK] ('/', '/')
[OK] ('/\x1b', '/')
[OK] ('/', '/')
[OK] ('/', '/')
[OK] ('/\x0f/', '/')
[OK] ('/', '/')
[OK] ('/"NGu', '/')
[OK] ('vl\x01', '/')
[OK] ('/', '/')
[OK] ('/', '/')
[OK] ('//', '/')
[OK] ('/', '/')
[OK] ('//lF/\x017v', '/')
[OK] ('/3/', '/')
[OK] ('/', '/')
[OK] ('/', '/')
[OK] ('/', '/')
[OK] ('/', '/')
[OK] ('/', '/')
[OK] ('<=', '/')
[OK] ('/\x05#', '/')
[OK] ('/', '/')
[OK] ('/l//', '/')
[OK] ('/', '/')
[OK] ('//$/', '/')
[OK] ('/', '/')
[OK] ('//', '/')
[OK] ('/', '/')
[OK] ('', '/')
[OK] ('//', '/')
[OK] ('', '/')
[OK] ('/C\x1e///X////', '/')
[OK] ('~W1//', '/')
[OK] ('/H', '/')
[OK] ('2//3\x7f/\x1b', '/')
[OK] ('/7\x02\x16\\', '/')
[OK] ('/', '/')
[OK] ('/', '/')
[OK] ('/', '/')
[OK] ('', '/')
[OK] ('/\x03', '/')
[OK] ('//', '/')
[OK] ('', '/')
[OK] ('//L,/{1\x05', '/')
[OK] ('/*', '/')
[OK] ('/ Y', '/')
[OK] ('H', '/')
[OK] ('/', '/')
[OK] ('/', '/')
[OK] ('/', '/')
[OK] ('/', '/')
[OK] ('/', '/')
[OK] ('/', '/')
[OK] ('/', '/')
[OK] ('///\x03/I\x1d', '/')
[OK] ('/', '/')
[OK] ('/', '/')
[OK] ('/', '/')
[OK] ('/', '/')
[OK] ('/L0\x06q\x06m1\x13/n/h', '/')
[OK] ('/R', '/')
[OK] ('/', '/')
[OK] ('\x03st\x16', '/')
[OK] ('/', '/')
[OK] ('/', '/')
[OK] ('/', '/')
[OK] ('/', '/')
[OK] ('/', '/')
[OK] ('/7//?.>6e_\x0eI/', '/')
[OK] ('/', '/')
Summary: 1000/1000 passed, execution time: producing 4.802345000000008 s, checking 11.614308000000031 s
Fuzz safepath
[OK] ('/', '/')
[OK] ('/', '/')
[OK] ('\x00-.\\B\x03\x04Aa:\x01/\x02b//', '/')
[OK] ('/\x00:0/', '/')
[OK] ('/', '/')
[OK] ('/', '/')
[OK] ('/', '/')
[OK] ('/', '/')
[OK] ('/B\x01b//\x03-b', '/')
[OK] ('\x02', '/')
[OK] ('/A:\x00\\.\x01-0\x03Bb\x02a\x04\x01\\-', '/')
[OK] ('/', '/')
[OK] ('/', '/')
[OK] ('/', '/')
[OK] ('/', '/')
[OK] ('/.', '/')
[OK] ('\x040', '/')
[OK] ('/', '/')
[OK] ('//', '/')
[OK] ('/', '/')
[OK] ('B/\x03Aa', '/')
[OK] ('/', '/')
[OK] ('0b\x02:0\x01/', '/')
[OK] ('', '/')
[OK] ('/', '/')
[OK] ('', '/')
[OK] ('\x00/-\\/', '/')
[OK] ('/', '/')
[OK] ('/', '/')
[OK] ('/', '/')
[OK] ('//.a\x020b\x00\x04A:\x03\x01B\\-:', '/')
[OK] ('/', '/')
[OK] ('\x03', '/')
[OK] ('\x04\\/\x02\x04//A\\', '/')
[OK] ('/', '/')
[OK] ('/', '/')
[OK] ('-//\x01', '/')
[OK] ('/-A', '/')
[OK] ('', '/')
[OK] ('/', '/')
[OK] ('/', '/')
[OK] ('/', '/')
[OK] ('///', '/')
[OK] ('/', '/')
[OK] ('/', '/')
[OK] ('/', '/')
[Error] ('/\x03:..a', '/')
[OK] ('/', '/')
[OK] ('/b', '/')
[OK] ('/', '/')
[OK] ('\x03//A', '/')
[OK] ('/', '/')
[OK] ('/', '/')
[OK] ('\x01', '/')
[OK] ('/', '/')
[OK] ('/', '/')
[OK] ('/', '/')
[OK] ('/', '/')
[OK] ('/', '/')
[OK] ('', '/')
[OK] ('/', '/')
[OK] ('////', '/')
[OK] ('//0\x01B/A', '/')
[OK] ('//\x02/b', '/')
[OK] ('', '/')
[OK] ('//', '/')
[OK] ('/', '/')
[OK] ('/', '/')
[OK] ('//\x02\x00\x02a\x00-ab-:///\x02/:\x00//B\x03A\x03/', '/')
[OK] ('/', '/')
[OK] ('/b', '/')
[OK] ('/', '/')
[OK] ('\x04\x01A:B/-//\x03', '/')
[OK] ('\x00a\\\x020A/.A//\x04\\/\\\x01/', '/')
[OK] ('/0B/', '/')
[OK] ('/-', '/')
[OK] ('/', '/')
[OK] ('/', '/')
[OK] ('/', '/')
[OK] ('', '/')
[OK] ('/', '/')
[OK] ('/', '/')
[OK] ('/', '/')
[OK] ('/', '/')
[OK] ('/', '/')
[OK] ('/', '/')
[OK] ('/', '/')
[OK] ('//', '/')
[OK] ('/', '/')
[OK] ('/A///', '/')
[OK] ('\x03', '/')
[OK] ('/', '/')
[OK] ('/', '/')
[OK] ('/', '/')
[OK] ('/B//.', '/')
[OK] ('\x03:/\x01-/b\x02\x02a/00/\x02\x04\x03\x03', '/')
[OK] ('a', '/')
[OK] ('//\x00/B\x00\x01', '/')
[OK] ('/0-\x02\x03::A\x03./A:/0-/\\/', '/')
[OK] ('/', '/')
[OK] ('/', '/')
[OK] ('/', '/')
[OK] ('/a\x02\x01\x02\x01\x04/:/\x04', '/')
[OK] ('/', '/')
[OK] ('/', '/')
[OK] ('/', '/')
[OK] ('\x03/\x03-b\x00B', '/')
[OK] ('-', '/')
[OK] ('/', '/')
[OK] ('/', '/')
[OK] ('/', '/')
[OK] ('bA///:/', '/')
[OK] ('', '/')
[OK] ('////\x01a', '/')
[OK] ('/BaB\x04', '/')
[OK] ('/', '/')
[OK] ('/', '/')
[OK] ('a0.', '/')
[OK] ('-', '/')
[OK] ('/', '/')
[OK] ('/', '/')
[OK] ('/', '/')
[OK] ('/', '/')
[OK] (':', '/')
[OK] ('//B//-\x02\x01\x02a/BA//', '/')
[OK] ('//\\', '/')
[OK] ('.\x03/', '/')
[OK] ('/', '/')
[OK] ('/', '/')
[OK] ('/', '/')
[OK] ('/', '/')
[OK] ('\x02\x01..', '/')
[OK] ('/:B0-.//', '/')
[OK] ('/', '/')
[OK] ('///--A\\/bb0.', '/')
[OK] ('/', '/')
[OK] ('/\\b', '/')
[OK] ('/', '/')
[OK] ('/\x01/A/\x02', '/')
[OK] ('/', '/')
[OK] ('/', '/')
[OK] ('/', '/')
[OK] ('/', '/')
[OK] ('///:\x02/', '/')
[OK] ('/', '/')
[OK] ('/', '/')
[OK] ('/', '/')
[OK] ('', '/')
[OK] ('/', '/')
[OK] ('', '/')
[OK] ('/', '/')
[OK] ('\x04', '/')
[OK] ('/Aa-.\\0\x00\x02\x01:\x00/\x03Bb////', '/')
[OK] ('/', '/')
[OK] ('/', '/')
[OK] ('/\x01\\B', '/')
[OK] ('/', '/')
[OK] ('/\x02', '/')
[OK] ('/', '/')
[OK] ('/', '/')
[OK] ('/', '/')
[OK] ('/', '/')
[OK] ('', '/')
[OK] ('/', '/')
[OK] ('/', '/')
[OK] ('/', '/')
[OK] ('/', '/')
[OK] ('/', '/')
[OK] ('0A', '/')
[OK] ('/', '/')
[OK] ('/', '/')
[OK] ('//B\x03\x02', '/')
[OK] ('/', '/')
[OK] ('/', '/')
[OK] ('/A', '/')
[OK] ('', '/')
[OK] ('/A.\x04\x03\x00/', '/')
[OK] ('/', '/')
[OK] ('/:./.', '/')
[OK] ('\x03\\', '/')
[OK] ('\\b.aA/', '/')
[OK] ('/', '/')
[OK] ('/', '/')
[OK] ('\x00\x00\x00', '/')
[OK] ('/', '/')
[OK] ('/', '/')
[OK] ('/', '/')
[OK] ('a/////', '/')
[OK] ('/', '/')
[OK] ('/', '/')
[OK] ('/', '/')
[OK] ('/', '/')
[OK] ('/', '/')
[OK] ('/', '/')
[OK] ('/', '/')
[OK] ('/B', '/')
[OK] ('/\x03', '/')
[OK] ('/', '/')
[OK] ('/\x00/\x01/', '/')
[OK] ('///', '/')
[OK] ('/\x03\x01\x03\x03/', '/')
[OK] ('/', '/')
[OK] ('/', '/')
[OK] ('/', '/')
[OK] ('/', '/')
[OK] ('', '/')
[OK] ('/', '/')
[OK] ('/\x01\x03//', '/')
[OK] ('/', '/')
[OK] ('\x04\x04//', '/')
[OK] ('0/', '/')
[OK] ('/\x00', '/')
[OK] ('/', '/')
[OK] ('', '/')
[OK] ('/\x00\x010/\x01', '/')
[OK] ('//\x02/\x03', '/')
[OK] ('//', '/')
[OK] ('0a//', '/')
[OK] ('/', '/')
[OK] ('', '/')
[OK] ('/\x03//', '/')
[OK] ('/', '/')
[OK] ('/', '/')
[OK] ('/', '/')
[OK] ('/', '/')
[OK] ('/', '/')
[OK] ('/:\x01/B', '/')
[OK] ('', '/')
[OK] ('/', '/')
[OK] ('/', '/')
[OK] ('/', '/')
[OK] ('/', '/')
[OK] ('\x00\x01\x00:', '/')
[OK] ('/.', '/')
[OK] ('-\\', '/')
[OK] ('/', '/')
[OK] ('/', '/')
[OK] ('/', '/')
[OK] ('0', '/')
[OK] ('///\\\x02/', '/')
[OK] ('/', '/')
[OK] ('/', '/')
[OK] ('/', '/')
[OK] ('/', '/')
[OK] ('///', '/')
[OK] ('/', '/')
[OK] ('/', '/')
[OK] ('/', '/')
[OK] ('/', '/')
[OK] ('/\x04\x00\x04', '/')
[OK] ('/', '/')
[Error] ('/\x00\x040//:-/\x00\\\x01/', '/')
[OK] ('\\', '/')
[OK] ('.', '/')
[OK] ('\\', '/')
[OK] ('/', '/')
[OK] ('', '/')
[Error] (':-/\\B0/./\x03B\x02\x00\x04/', '/')
[OK] ('/', '/')
[OK] ('/', '/')
[OK] ('/', '/')
[OK] ('//', '/')
[OK] ('/', '/')
[OK] ('/', '/')
[OK] ('/', '/')
[OK] ('/', '/')
[OK] ('aABA', '/')
[OK] ('.\x01/B\x01-', '/')
[OK] ('/', '/')
[OK] ('/', '/')
[OK] ('/', '/')
[OK] ('', '/')
[OK] ('/', '/')
[OK] ('', '/')
[OK] ('/', '/')
[OK] ('/', '/')
[OK] ('/\x04', '/')
[OK] ('/-//B\x02B-', '/')
[OK] ('/', '/')
[OK] ('/', '/')
[OK] ('/', '/')
[OK] ('/b', '/')
[OK] ('/', '/')
[OK] ('/', '/')
[OK] ('/-A.///A/', '/')
[OK] ('//', '/')
[OK] ('/', '/')
[OK] ('/', '/')
[OK] ('', '/')
[OK] ('\x03', '/')
[OK] ('/\x02/-\x02/Ba/\x02-0\x04Bb', '/')
[OK] ('/', '/')
[OK] ('/', '/')
[OK] ('/', '/')
[OK] ('/', '/')
[OK] ('//\x02', '/')
[OK] ('/', '/')
[OK] ('/\x03\x00/', '/')
[OK] ('/', '/')
[OK] ('/', '/')
[OK] ('/', '/')
[OK] ('.\x01B.-', '/')
[OK] ('//://\x03', '/')
[OK] ('\\', '/')
[OK] ('/', '/')
[OK] ('/', '/')
[OK] ('//\\/a', '/')
[OK] ('B/\x03/b', '/')
[OK] ('', '/')
[OK] ('//b', '/')
[OK] ('/', '/')
[OK] ('A/\x03a\\0B\x04:\x02.\x00-\x01b:', '/')
[OK] ('//\x03\x04/B/\x03', '/')
[OK] ('/', '/')
[OK] ('/', '/')
[OK] ('/a\x03', '/')
[OK] ('/.\x03A', '/')
[OK] ('/', '/')
[OK] ('/', '/')
[OK] ('/', '/')
[OK] ('/B', '/')
[OK] ('/\\BAB//', '/')
[OK] ('//0/A\x04a', '/')
[OK] ('/', '/')
[OK] ('', '/')
[OK] ('/', '/')
[OK] ('', '/')
[OK] ('/', '/')
[OK] ('/0a/A-A', '/')
[OK] ('//\x03\x01AA-\x01/b-\x02\x02:', '/')
[OK] ('/', '/')
[OK] ('//\x03\x00\\', '/')
[OK] ('/', '/')
[OK] ('/', '/')
[OK] ('///', '/')
[OK] ('\x02/', '/')
[OK] ('', '/')
[OK] ('/\x01a', '/')
[OK] ('/:/B/', '/')
[OK] ('/', '/')
[OK] ('/', '/')
[OK] ('/', '/')
[OK] ('/', '/')
[OK] ('/', '/')
[OK] ('/-B////0', '/')
[OK] ('/', '/')
[OK] ('', '/')
[OK] ('/', '/')
[OK] ('/.', '/')
[OK] ('/B/', '/')
[OK] ('/', '/')
[OK] ('', '/')
[OK] ('/', '/')
[OK] ('/', '/')
[OK] ('/', '/')
[OK] ('/', '/')
[OK] ('.', '/')
[OK] ('/0./a', '/')
[OK] ('/', '/')
[OK] ('\x00\x04-b/', '/')
[Error] ('//:.\x03\x01\x030//b', '/')
[OK] ('/', '/')
[OK] ('/', '/')
[OK] ('/\x02\x00/0\x01', '/')
[OK] ('/', '/')
[OK] ('/\x00b\x02\\0aB:\x00\x00\x02', '/')
[OK] ('//b', '/')
[OK] ('/', '/')
[OK] ('\x04/', '/')
[OK] ('/', '/')
[OK] ('/', '/')
[OK] ('/', '/')
[OK] ('', '/')
[OK] ('/', '/')
[OK] ('/', '/')
[OK] ('a', '/')
[OK] ('\x01//', '/')
[OK] ('/', '/')
[OK] ('//', '/')
[OK] ('', '/')
[OK] ('/', '/')
[OK] ('/', '/')
[OK] ('/', '/')
[OK] ('/', '/')
[OK] ('/', '/')
[OK] ('/', '/')
[OK] ('/', '/')
[OK] ('./a\x04\x01', '/')
[OK] ('a.', '/')
[OK] ('/', '/')
[OK] ('/\\', '/')
[OK] ('/', '/')
[OK] ('/', '/')
[OK] ('/', '/')
[OK] ('/', '/')
[OK] ('', '/')
[OK] ('/', '/')
[OK] ('/', '/')
[OK] ('/', '/')
[OK] ('/ba', '/')
[OK] ('/', '/')
[OK] ('/', '/')
[OK] ('/', '/')
[OK] ('bb::/\x02', '/')
[OK] ('/', '/')
[OK] ('/', '/')
[OK] ('/', '/')
[OK] ('/', '/')
[OK] ('/', '/')
[OK] ('/', '/')
[OK] ('/', '/')
[OK] ('/', '/')
[OK] ('/\x00/', '/')
[OK] ('//', '/')
[OK] ('/\\/', '/')
[OK] ('', '/')
[OK] ('/', '/')
[OK] ('/-/b/0/', '/')
[OK] ('/', '/')
[OK] ('/', '/')
[OK] ('/', '/')
[OK] ('/', '/')
[OK] ('/', '/')
[OK] ('/', '/')
[OK] ('/', '/')
[OK] ('/./:\x01', '/')
[OK] ('/', '/')
[OK] ('/', '/')
[OK] ('/0\x03A', '/')
[OK] ('/', '/')
[OK] ('/', '/')
[OK] ('/', '/')
[OK] ('/', '/')
[OK] ('//0\\\x03Ab', '/')
[OK] ('/', '/')
[OK] ('//\x01//a:/', '/')
[OK] ('/a', '/')
[OK] ('/', '/')
[OK] ('B/-\x02a//', '/')
[OK] ('/A/a/', '/')
[OK] ('', '/')
[OK] ('/', '/')
[OK] ('A/\x03/', '/')
[OK] ('/\\', '/')
[OK] ('/', '/')
[OK] ('/', '/')
[OK] ('/', '/')
[OK] ('/', '/')
[OK] ('\x04:a::A-.b/', '/')
[OK] ('/\x01a\x00//', '/')
[OK] ('/', '/')
[OK] ('b/', '/')
[OK] ('/', '/')
[OK] ('', '/')
[OK] ('/', '/')
[OK] ('/', '/')
[OK] ('//', '/')
[OK] ('/', '/')
[OK] ('/', '/')
[OK] ('/', '/')
[OK] ('/', '/')
[OK] ('', '/')
[OK] ('/', '/')
[OK] (':/', '/')
[OK] ('/', '/')
[OK] ('/', '/')
[OK] ('/', '/')
[OK] ('/', '/')
[OK] ('/', '/')
[OK] ('//', '/')
[OK] ('/', '/')
[OK] ('', '/')
[OK] ('/', '/')
[OK] ('/', '/')
[OK] ('/', '/')
[OK] ('/', '/')
[OK] ('/', '/')
[OK] ('/B\x00B', '/')
[OK] ('/', '/')
[OK] ('/\x04\x00\x00\x02/', '/')
[OK] ('/', '/')
[OK] ('', '/')
[OK] ('', '/')
[OK] ('/', '/')
[OK] ('\x03/\x04B', '/')
[OK] ('/\x04\x03/\x01', '/')
[OK] ('/\x00a/////\\', '/')
[OK] ('/', '/')
[OK] ('/ab', '/')
[OK] ('/a-0./', '/')
[OK] ('/\x00//:0', '/')
[OK] ('/', '/')
[OK] ('/', '/')
[OK] ('/', '/')
[OK] ('/', '/')
[OK] ('/', '/')
[OK] ('\x02', '/')
[OK] ('/', '/')
[OK] ('/', '/')
[OK] ('/', '/')
[OK] ('/', '/')
[OK] ('/\\0/a', '/')
[OK] ('-/\\:', '/')
[OK] ('/', '/')
[OK] ('/', '/')
[OK] ('/', '/')
[OK] ('/\x01\x01', '/')
[OK] ('/', '/')
[OK] ('/', '/')
[OK] ('/', '/')
[OK] ('/', '/')
[OK] ('/', '/')
[OK] ('/', '/')
[OK] ('', '/')
[OK] ('/', '/')
[OK] ('/', '/')
[OK] ('.\x02.b:Bb', '/')
[OK] ('/', '/')
[OK] ('/\x01/\x00\x02-/', '/')
[OK] ('/', '/')
[OK] ('', '/')
[OK] ('/', '/')
[OK] ('/A/', '/')
[OK] ('//', '/')
[OK] ('/', '/')
[OK] ('/', '/')
[OK] ('/', '/')
[OK] ('', '/')
[OK] ('/\x01//', '/')
[OK] ('/', '/')
[OK] ('/', '/')
[OK] ('/', '/')
[OK] ('/b', '/')
[OK] ('/', '/')
[OK] ('/', '/')
[OK] ('./\\', '/')
[OK] ('/', '/')
[OK] ('0\x01\\AA0\\a0', '/')
[OK] ('/./', '/')
[OK] ('/', '/')
[OK] ('\x03\\a//', '/')
[OK] ('/', '/')
[OK] ('/', '/')
[OK] ('/', '/')
[OK] ('/', '/')
[OK] ('\x01', '/')
[OK] ('/', '/')
[OK] ('/', '/')
[OK] ('/', '/')
[OK] ('/', '/')
[OK] ('//', '/')
[OK] ('\x01./', '/')
[OK] ('/', '/')
[Error] ('/:\\-', '/')
[OK] ('/\x02/0\x01///b', '/')
[OK] ('/', '/')
[OK] ('/', '/')
[OK] ('//', '/')
[OK] ('/', '/')
[OK] ('/', '/')
[OK] ('/', '/')
[OK] ('A/\x03', '/')
[OK] ('/', '/')
[OK] ('/', '/')
[OK] ('/', '/')
[OK] ('/', '/')
[OK] ('.\x02//b', '/')
[OK] ('//', '/')
[OK] ('B:aa\x04/b/\x00\x01\x03\x01\x02', '/')
[OK] ('/', '/')
[OK] ('0.\x00a0/A', '/')
[OK] ('/', '/')
[OK] ('/-/', '/')
[OK] ('/', '/')
[OK] ('/-.:', '/')
[OK] ('/', '/')
[OK] ('/', '/')
[OK] ('/\x02\x00/', '/')
[OK] ('/', '/')
[OK] ('/0/:/\x00///', '/')
[OK] ('/', '/')
[OK] ('/0\x01//:/', '/')
[OK] ('', '/')
[OK] ('/', '/')
[OK] ('/', '/')
[OK] ('B', '/')
[OK] ('/\\\\', '/')
[OK] ('/', '/')
[OK] ('\x04\x00', '/')
[OK] ('/-\x01', '/')
[OK] ('', '/')
[OK] ('/\\:/', '/')
[OK] ('/', '/')
[OK] ('', '/')
[OK] ('/', '/')
[OK] ('', '/')
[OK] ('/\x00B0:\x03/\x03.', '/')
[OK] ('/', '/')
[OK] ('\x02\x02\x01\x02b\x02/\x04', '/')
[OK] ('.', '/')
[OK] ('/b\x04', '/')
[OK] ('/', '/')
[OK] ('', '/')
[OK] ('/:/', '/')
[OK] ('/', '/')
[OK] ('/', '/')
[OK] ('/', '/')
[OK] ('/', '/')
[OK] ('/', '/')
[OK] ('/', '/')
[OK] ('/', '/')
[OK] ('/', '/')
[OK] ('/', '/')
[OK] ('/', '/')
[OK] ('\\', '/')
[OK] ('//', '/')
[Error] ('/-.:-\\\\', '/')
[OK] ('/A\x03', '/')
[OK] ('/', '/')
[OK] ('/', '/')
[OK] ('/', '/')
[OK] ('/', '/')
[OK] ('/', '/')
[OK] ('B', '/')
[OK] ('/', '/')
[OK] ('a\\\x02.', '/')
[OK] ('/', '/')
[OK] ('/', '/')
[OK] ('/', '/')
[OK] ('/\x03\x04-', '/')
[OK] ('//:a0\x02\x04A.-b\\\x01\x00\x03B\x03\x010', '/')
[OK] ('/', '/')
[OK] ('0B', '/')
[OK] ('/0ba/\x00:', '/')
[OK] ('/', '/')
[OK] ('', '/')
[OK] ('/A', '/')
[OK] ('/', '/')
[OK] ('/', '/')
[OK] ('-', '/')
[OK] ('/', '/')
[OK] ('/', '/')
[OK] ('/', '/')
[OK] ('/', '/')
[OK] ('', '/')
[OK] ('//\x02//\x01\x01\\\x04a', '/')
[OK] ('/', '/')
[OK] ('/', '/')
[OK] ('/:\x03\x03/\x00/', '/')
[OK] ('/', '/')
[OK] ('/', '/')
[OK] ('\x00', '/')
[OK] ('/', '/')
[OK] ('//', '/')
[OK] ('/', '/')
[OK] ('/B0\x010.:', '/')
[OK] ('/', '/')
[OK] ('//a', '/')
[OK] ('/', '/')
[OK] ('/\x01.\x03', '/')
[OK] ('/', '/')
[OK] ('/', '/')
[OK] ('///-', '/')
[OK] ('/', '/')
[OK] ('a', '/')
[OK] ('/b/\x01\x01B/\\:B', '/')
[OK] ('/', '/')
[OK] ('/', '/')
[OK] ('/\\b/', '/')
[OK] ('/', '/')
[OK] ('/', '/')
[OK] ('\x02', '/')
[OK] ('//', '/')
[OK] ('/.\x04Bb/', '/')
[OK] ('/', '/')
[OK] ('//0\x01A.//', '/')
[OK] ('', '/')
[OK] ('b/\x00.//:', '/')
[OK] (':', '/')
[OK] ('/', '/')
[OK] ('/', '/')
[OK] ('/', '/')
[Error] (':-\x03:', '/')
[OK] ('\x04\x00.', '/')
[OK] ('0/-\x00\\', '/')
[OK] ('/', '/')
[OK] ('/', '/')
[OK] ('/b\x02/..a', '/')
[OK] ('', '/')
[OK] ('/0', '/')
[OK] ('', '/')
[OK] ('/', '/')
[OK] ('\x03', '/')
[OK] ('A\x04//', '/')
[OK] ('/\x01//', '/')
[OK] ('/', '/')
[OK] ('/', '/')
[OK] ('/', '/')
[OK] ('/', '/')
[OK] ('/', '/')
[OK] ('/', '/')
[OK] ('/', '/')
[OK] ('/', '/')
[OK] ('//', '/')
[OK] ('/', '/')
[OK] ('/', '/')
[OK] ('/', '/')
[OK] ('/', '/')
[OK] ('/', '/')
[OK] ('/', '/')
[OK] ('/A.a', '/')
[OK] ('/', '/')
[OK] ('/\x01\x01\x02B-//\x01-//', '/')
[OK] ('\x00b:B\x03.', '/')
[OK] ('-\\//00', '/')
[OK] ('/\x00', '/')
[OK] ('', '/')
[OK] ('/\x00/\x02:/\x03', '/')
[OK] ('://\x01/:A-', '/')
[Error] ('\\-:', '/')
[OK] ('//\x04///', '/')
[OK] ('', '/')
[OK] ('/', '/')
[OK] ('\x00', '/')
[OK] ('/', '/')
[OK] ('A////', '/')
[OK] ('/', '/')
[OK] ('/', '/')
[OK] ('', '/')
[OK] ('/', '/')
[OK] ('/', '/')
[OK] ('/', '/')
[OK] ('/', '/')
[OK] ('/', '/')
[OK] ('/', '/')
[OK] ('/', '/')
[OK] ('/', '/')
[OK] ('/', '/')
[OK] ('/', '/')
[OK] ('/', '/')
[OK] ('-\x00b\x04/B:0b\x04Ba//\x00//AaA/\x01\x02-\\', '/')
[OK] ('', '/')
[OK] ('/', '/')
[OK] ('/', '/')
[OK] ('/', '/')
[OK] ('/', '/')
[OK] ('/', '/')
[OK] ('/', '/')
[OK] ('/', '/')
[OK] ('/', '/')
[OK] ('/', '/')
[OK] ('/', '/')
[OK] ('//\x01\x01//a', '/')
[OK] ('/', '/')
[OK] ('/', '/')
[OK] ('/', '/')
[OK] ('//A/A/b:/-', '/')
[OK] ('A\x02', '/')
[OK] ('/', '/')
[OK] ('B', '/')
[OK] ('/', '/')
[OK] ('//', '/')
[OK] ('/', '/')
[OK] ('/////.bAB', '/')
[OK] ('/', '/')
[OK] ('/', '/')
[OK] ('/', '/')
[OK] ('/', '/')
[OK] ('/', '/')
[OK] ('/', '/')
[OK] ('/', '/')
[OK] ('/', '/')
[OK] ('\x03', '/')
[OK] ('/', '/')
[OK] ('A', '/')
[OK] ('/', '/')
[OK] ('/', '/')
[OK] ('/', '/')
[OK] ('/', '/')
[OK] ('/', '/')
[OK] ('/\x02', '/')
[OK] ('/\x02\\', '/')
[OK] ('/', '/')
[OK] ('/-\x02.//\x01', '/')
[OK] ('', '/')
[OK] ('/', '/')
[OK] ('/', '/')
[OK] ('/', '/')
[OK] ('/', '/')
[OK] ('A', '/')
[OK] ('', '/')
[OK] (':/', '/')
[OK] ('\x00/\x01\\./\x04/', '/')
[OK] ('/', '/')
[OK] ('\\/', '/')
[OK] ('/', '/')
[OK] ('', '/')
[OK] ('/', '/')
[OK] ('/', '/')
[OK] ('//', '/')
[OK] ('/', '/')
[OK] ('///', '/')
[OK] ('/', '/')
[OK] ('', '/')
[OK] ('/', '/')
[OK] ('AB.', '/')
[OK] ('', '/')
[OK] ('/', '/')
[OK] ('\x00', '/')
[OK] ('/', '/')
[OK] ('/', '/')
[OK] ('/', '/')
[OK] ('-/\x00\x02', '/')
[OK] ('//', '/')
[OK] ('\x00\x03', '/')
[OK] ('/', '/')
[OK] ('/', '/')
[OK] ('/', '/')
[OK] ('/', '/')
[OK] ('/\\\x01\x00A-/\x01-:/A-', '/')
[OK] ('b\x02B\x03', '/')
[OK] ('/', '/')
[OK] ('/', '/')
[OK] ('/', '/')
[OK] ('/', '/')
[OK] ('//', '/')
[OK] ('/', '/')
[OK] ('/', '/')
[OK] ('/', '/')
[OK] ('\x03/', '/')
[OK] ('a//', '/')
[OK] (':A/', '/')
[OK] ('/', '/')
[OK] ('/', '/')
[OK] ('/', '/')
[OK] ('/', '/')
[OK] ('Bb/A//a-\x01\x03/BbB.', '/')
[OK] ('/', '/')
[OK] ('/', '/')
[OK] ('/', '/')
[OK] ('/-/', '/')
[OK] ('/', '/')
[OK] ('/', '/')
[OK] ('/\\', '/')
[OK] ('/', '/')
[OK] ('/', '/')
[OK] ('///', '/')
[OK] ('/:', '/')
[OK] ('/', '/')
[OK] ('a0/\x00A', '/')
[OK] ('/', '/')
[OK] ('/', '/')
[OK] ('/', '/')
[OK] ('a/\x04/00aAa\x020/0--\x03', '/')
[OK] ('/B:/A\x04\x03\\/:\x03/:0', '/')
[OK] ('/0\x03', '/')
[OK] ('/', '/')
[OK] ('/', '/')
[OK] ('///a/', '/')
[OK] ('\x02/', '/')
[OK] ('/\x04', '/')
[OK] ('/:\x02/\x03-', '/')
[OK] ('/', '/')
[OK] ('', '/')
[OK] ('/', '/')
[OK] ('b/', '/')
[OK] ('/a', '/')
[OK] ('/', '/')
[OK] ('/', '/')
[OK] ('///', '/')
[OK] ('/aaA/B/\\\x03', '/')
[OK] ('/', '/')
[OK] ('/', '/')
[OK] ('/B\x02b\x03', '/')
[OK] ('/', '/')
[OK] ('/', '/')
[OK] ('/', '/')
[OK] ('\x02.b/0', '/')
[OK] ('/', '/')
[OK] ('/', '/')
[OK] ('/', '/')
[OK] ('/bb\x02\x00/', '/')
[OK] ('/', '/')
[OK] ('//:', '/')
[OK] ('/', '/')
[OK] ('', '/')
[OK] ('/', '/')
[OK] ('\x000', '/')
[OK] ('/', '/')
[OK] ('/B', '/')
[OK] ('/', '/')
[OK] ('/', '/')
[OK] ('/', '/')
[OK] ('', '/')
[OK] ('/', '/')
[OK] ('\x03', '/')
[OK] ('/', '/')
[OK] ('/', '/')
[OK] ('/', '/')
[OK] ('ABb\x00/', '/')
[OK] ('/', '/')
[OK] ('', '/')
[OK] ('/', '/')
[OK] ('//\x02', '/')
[OK] ('\\\x03/', '/')
[OK] ('/\\/', '/')
[OK] ('/', '/')
[OK] ('/', '/')
[OK] ('/', '/')
[OK] ('/', '/')
[OK] ('/', '/')
[OK] ('/', '/')
[OK] ('/', '/')
[OK] ('/\x01A/aa0\x00BA../A/../B', '/')
[OK] ('/', '/')
[OK] ('', '/')
[OK] ('//--\x04\x01-a', '/')
[OK] ('-\x02\x00', '/')
[OK] ('//bB', '/')
[OK] ('/', '/')
[OK] ('/', '/')
[OK] ('/', '/')
[OK] ('A', '/')
[OK] ('/', '/')
[OK] ('/b', '/')
[OK] ('/', '/')
[OK] ('/', '/')
[OK] ('/', '/')
[OK] ('/', '/')
[OK] ('/\\', '/')
[OK] ('/', '/')
[OK] ('/', '/')
[OK] (':', '/')
[OK] ('/', '/')
[OK] ('/', '/')
[OK] ('/', '/')
[OK] ('/\x00/bb', '/')
[OK] ('/b', '/')
[OK] ('/', '/')
[OK] ('/', '/')
[OK] ('//\x04', '/')
[OK] ('/', '/')
[OK] ('/', '/')
[OK] ('/', '/')
[OK] ('/\x02\x03\x02', '/')
[OK] ('', '/')
[OK] ('/', '/')
[OK] ('/\x02:B\x000\x02\x00-\x02\x02/', '/')
[OK] ('/0/', '/')
[OK] ('/B//', '/')
[OK] ('/\\/', '/')
[OK] ('/\x01.', '/')
[OK] ('/', '/')
[OK] ('/', '/')
[OK] ('/', '/')
[OK] ('//', '/')
[OK] ('\x03b/', '/')
[OK] ('/', '/')
[OK] ('/', '/')
[OK] ('/', '/')
[OK] ('//\\/', '/')
[OK] ('-.', '/')
[OK] ('/', '/')
[OK] ('/', '/')
[OK] ('/', '/')
[OK] ('/\x03b', '/')
[OK] ('a//\x01', '/')
[OK] ('/', '/')
[OK] ('//.b\\', '/')
[OK] ('', '/')
[OK] ('/', '/')
[OK] ('/', '/')
[OK] ('/', '/')
[OK] ('/\x01A\x03/', '/')
[OK] ('/', '/')
[OK] ('///\x00a/', '/')
[OK] ('//', '/')
[OK] ('/', '/')
[OK] ('/', '/')
[OK] ('/a//B:\x02\x00\\/.\x00', '/')
[OK] ('/', '/')
[OK] ('/', '/')
[OK] ('/', '/')
[OK] ('', '/')
[OK] ('/', '/')
[OK] ('/', '/')
[OK] ('A/', '/')
[OK] ('/', '/')
[OK] ('/', '/')
[OK] ('/', '/')
[OK] ('', '/')
[OK] ('\x00/A/', '/')
[OK] ('/', '/')
[OK] ('/', '/')
[OK] ('/', '/')
[OK] ('/', '/')
[OK] ('\x00', '/')
[OK] ('\x00', '/')
[OK] ('/', '/')
[OK] ('/', '/')
Summary: 992/1000 passed, execution time: producing 1.070710000000009 s, checking 4.75539900000005 s
Original execution time 0.0013509999999783417 s, overhead 4.754048000000072 s.
